<?xml version="1.0" encoding="UTF-8"?>
<!-- Generated by org.testng.reporters.JUnitReportReporter -->
<testsuite hostname="AlliedTech" name="com.test.example.ShortestDistanceTest" tests="1" failures="0" timestamp="22 Nov 2016 09:29:59 GMT" time="0.021" errors="0">
  <testcase name="testShortestDistanceCalculator" time="0.021" classname="com.test.example.ShortestDistanceTest"/>
</testsuite> <!-- com.test.example.ShortestDistanceTest -->
